<?xml version="1.0" encoding="UTF-8"?>
<testng-results ignored="0" total="1" passed="1" failed="0" skipped="0">
  <reporter-output>
  </reporter-output>
  <suite started-at="2022-12-12T23:43:53 PST" name="test.java.Testing" finished-at="2022-12-12T23:44:46 PST" duration-ms="52542">
    <groups>
    </groups>
    <test started-at="2022-12-12T23:43:53 PST" name="Command line test" finished-at="2022-12-12T23:44:46 PST" duration-ms="52542">
      <class name="test.java.Testing">
        <test-method signature="test()[pri:0, instance:test.java.Testing@525b461a]" started-at="2022-12-12T23:43:53 PST" name="test" finished-at="2022-12-12T23:44:45 PST" duration-ms="52478" status="PASS">
          <reporter-output>
          </reporter-output>
        </test-method> <!-- test -->
      </class> <!-- test.java.Testing -->
    </test> <!-- Command line test -->
  </suite> <!-- test.java.Testing -->
</testng-results>
